<?xml version="1.0" encoding="UTF-8"?>
<!-- Generated by org.testng.reporters.JUnitXMLReporter -->
<testsuite ignored="2" hostname="mounicaponnam" failures="0" tests="1" name="Default test" time="41.918" errors="0" timestamp="2023-04-14T07:24:32 EDT">
  <testcase classname="sample.sample.FirstTest" name="third" time="17.692"/>
  <testcase classname="sample.sample.FirstTest" name="second" time="0.0">
    <ignored/>
  </testcase> <!-- second -->
  <testcase classname="sample.sample.FirstTest" name="first" time="0.0">
    <ignored/>
  </testcase> <!-- first -->
</testsuite> <!-- Default test -->
