<?xml version="1.0" encoding="UTF-8"?>
<testng-results ignored="2" total="3" passed="1" failed="0" skipped="0">
  <reporter-output>
  </reporter-output>
  <suite started-at="2023-04-14T07:23:50 EDT" name="Default suite" finished-at="2023-04-14T07:24:32 EDT" duration-ms="41918">
    <groups>
    </groups>
    <test started-at="2023-04-14T07:23:50 EDT" name="Default test" finished-at="2023-04-14T07:24:32 EDT" duration-ms="41918">
      <class name="sample.sample.FirstTest">
        <test-method is-config="true" signature="before()[pri:0, instance:sample.sample.FirstTest@5d534f5d]" started-at="2023-04-14T07:23:50 EDT" name="before" finished-at="2023-04-14T07:24:14 EDT" duration-ms="24135" status="PASS">
          <reporter-output>
          </reporter-output>
        </test-method> <!-- before -->
        <test-method signature="third()[pri:0, instance:sample.sample.FirstTest@5d534f5d]" started-at="2023-04-14T07:24:14 EDT" name="third" finished-at="2023-04-14T07:24:32 EDT" duration-ms="17692" status="PASS">
          <reporter-output>
          </reporter-output>
        </test-method> <!-- third -->
        <test-method is-config="true" signature="after()[pri:0, instance:sample.sample.FirstTest@5d534f5d]" started-at="2023-04-14T07:24:32 EDT" name="after" finished-at="2023-04-14T07:24:32 EDT" duration-ms="1" status="PASS">
          <reporter-output>
          </reporter-output>
        </test-method> <!-- after -->
      </class> <!-- sample.sample.FirstTest -->
    </test> <!-- Default test -->
  </suite> <!-- Default suite -->
</testng-results>
